Analysis & Elaboration report for pci_com_lpt_usb_eth
Fri Nov 30 17:12:26 2018
Quartus II 32-bit Version 13.0.0 Build 156 04/24/2013 SJ Web Edition


---------------------
; Table of Contents ;
---------------------
  1. Legal Notice
  2. Analysis & Elaboration Summary
  3. Parallel Compilation
  4. Analysis & Elaboration IP Cores Summary
  5. Parameter Settings for User Entity Instance: pci_controller:b2v_inst1
  6. Parameter Settings for User Entity Instance: alt_pll:b2v_inst5|altpll:altpll_component
  7. altpll Parameter Settings by Entity Instance
  8. Analysis & Elaboration Settings
  9. Port Connectivity Checks: "com_controller:b2v_inst"
 10. Analysis & Elaboration Messages
 11. Analysis & Elaboration Suppressed Messages



----------------
; Legal Notice ;
----------------
Copyright (C) 1991-2013 Altera Corporation
Your use of Altera Corporation's design tools, logic functions 
and other software and tools, and its AMPP partner logic 
functions, and any output files from any of the foregoing 
(including device programming or simulation files), and any 
associated documentation or information are expressly subject 
to the terms and conditions of the Altera Program License 
Subscription Agreement, Altera MegaCore Function License 
Agreement, or other applicable license agreement, including, 
without limitation, that your use is for the sole purpose of 
programming logic devices manufactured by Altera and sold by 
Altera or its authorized distributors.  Please refer to the 
applicable agreement for further details.



+---------------------------------------------------------------------------------+
; Analysis & Elaboration Summary                                                  ;
+------------------------------------+--------------------------------------------+
; Analysis & Elaboration Status      ; Successful - Fri Nov 30 17:12:25 2018      ;
; Quartus II 32-bit Version          ; 13.0.0 Build 156 04/24/2013 SJ Web Edition ;
; Revision Name                      ; pci_com_lpt_usb_eth                        ;
; Top-level Entity Name              ; pci_com_lpt_usb_eth                        ;
; Family                             ; Cyclone III                                ;
; Total logic elements               ; N/A until Partition Merge                  ;
;     Total combinational functions  ; N/A until Partition Merge                  ;
;     Dedicated logic registers      ; N/A until Partition Merge                  ;
; Total registers                    ; N/A until Partition Merge                  ;
; Total pins                         ; N/A until Partition Merge                  ;
; Total virtual pins                 ; N/A until Partition Merge                  ;
; Total memory bits                  ; N/A until Partition Merge                  ;
; Embedded Multiplier 9-bit elements ; N/A until Partition Merge                  ;
; Total PLLs                         ; N/A until Partition Merge                  ;
+------------------------------------+--------------------------------------------+


+------------------------------------------+
; Parallel Compilation                     ;
+----------------------------+-------------+
; Processors                 ; Number      ;
+----------------------------+-------------+
; Number detected on machine ; 4           ;
; Maximum allowed            ; 4           ;
;                            ;             ;
; Average used               ; 1.00        ;
; Maximum used               ; 1           ;
;                            ;             ;
; Usage by Processor         ; % Time Used ;
;     Processor 1            ; 100.0%      ;
;     Processors 2-4         ;   0.0%      ;
+----------------------------+-------------+


+-------------------------------------------------------------------------------------------------------------------------------------------------------+
; Analysis & Elaboration IP Cores Summary                                                                                                               ;
+--------+--------------+---------+--------------+--------------+----------------------------------------+----------------------------------------------+
; Vendor ; IP Core Name ; Version ; Release Date ; License Type ; Entity Instance                        ; IP Include File                              ;
+--------+--------------+---------+--------------+--------------+----------------------------------------+----------------------------------------------+
; Altera ; ALTPLL       ; 13.0    ; N/A          ; N/A          ; |pci_com_lpt_usb_eth|alt_pll:b2v_inst5 ; C:/altera/13.0/pci_com_lpt_usb_eth/alt_pll.v ;
+--------+--------------+---------+--------------+--------------+----------------------------------------+----------------------------------------------+


+---------------------------------------------------------------------------+
; Parameter Settings for User Entity Instance: pci_controller:b2v_inst1     ;
+----------------------+----------------------------------+-----------------+
; Parameter Name       ; Value                            ; Type            ;
+----------------------+----------------------------------+-----------------+
; VIDPID               ; 0000000000000001                 ; Unsigned Binary ;
; STATUSCOMMAND        ; 0000000000000010                 ; Unsigned Binary ;
; CLASSCODE            ; 0000000000000100                 ; Unsigned Binary ;
; BIST_HEADER_LAT_CACH ; 0000000000001000                 ; Unsigned Binary ;
; BAR0                 ; 0000000000010000                 ; Unsigned Binary ;
; BAR1                 ; 0000000000100000                 ; Unsigned Binary ;
; BAR2                 ; 0000000001000000                 ; Unsigned Binary ;
; BAR3                 ; 0000000010000000                 ; Unsigned Binary ;
; BAR4                 ; 0000000100000000                 ; Unsigned Binary ;
; BAR5                 ; 0000001000000000                 ; Unsigned Binary ;
; CARDBUS              ; 0000010000000000                 ; Unsigned Binary ;
; SUBSYSTEM_VENDOR     ; 0000100000000000                 ; Unsigned Binary ;
; EXPANSION_ROM_BAR    ; 0001000000000000                 ; Unsigned Binary ;
; CAP_POINTER          ; 0010000000000000                 ; Unsigned Binary ;
; LAT_INTERRUPT        ; 0100000000000000                 ; Unsigned Binary ;
; RESERVED             ; 1000000000000000                 ; Unsigned Binary ;
; CS_INT_PIN_DEV0      ; 00000000000000000000001000000000 ; Unsigned Binary ;
; CS_INT_PIN_DEV1      ; 00000000000000000000000100000000 ; Unsigned Binary ;
; CS_INT_PIN_DEV2      ; 00000000000000000000001100000000 ; Unsigned Binary ;
; CS_INT_PIN_DEV3      ; 00000000000000000000010000000000 ; Unsigned Binary ;
; CS_STAT_MASK_DEV0    ; 0000001010001000                 ; Unsigned Binary ;
; CS_STAT_MASK_DEV1    ; 0000001010001000                 ; Unsigned Binary ;
; CS_STAT_MASK_DEV2    ; 0000001010001000                 ; Unsigned Binary ;
; CS_STAT_MASK_DEV3    ; 0000001010001000                 ; Unsigned Binary ;
; CS_CMD_MASK_DEV0     ; 0000000000000011                 ; Unsigned Binary ;
; CS_CMD_MASK_DEV1     ; 0000000000000011                 ; Unsigned Binary ;
; CS_CMD_MASK_DEV2     ; 0000000000000011                 ; Unsigned Binary ;
; CS_CMD_MASK_DEV3     ; 0000000000000011                 ; Unsigned Binary ;
; CS_MULTIFUNC_DEV     ; 00000000100000000000000000000000 ; Unsigned Binary ;
; CS_VIDPID_DEV0       ; 11011110101011011011111011101111 ; Unsigned Binary ;
; CS_CLASSCODE_DEV0    ; 00001100000000110000000001010000 ; Unsigned Binary ;
; CS_VIDPID_DEV1       ; 01010000010100110100001101001000 ; Unsigned Binary ;
; CS_CLASSCODE_DEV1    ; 00000111000000000000001000001111 ; Unsigned Binary ;
; CS_VIDPID_DEV2       ; 00000000000000000000000000000000 ; Unsigned Binary ;
; CS_CLASSCODE_DEV2    ; 00000000000000000000000000000000 ; Unsigned Binary ;
; CS_VIDPID_DEV3       ; 00000000000000000000000000000000 ; Unsigned Binary ;
; CS_CLASSCODE_DEV3    ; 00000000000000000000000000000000 ; Unsigned Binary ;
; ST_IDLE              ; 0                                ; Signed Integer  ;
; ST_DECODED           ; 1                                ; Signed Integer  ;
; ST_READCS            ; 2                                ; Signed Integer  ;
; ST_WRITECS           ; 3                                ; Signed Integer  ;
; ST_READIO            ; 4                                ; Signed Integer  ;
; ST_WRITEIO           ; 5                                ; Signed Integer  ;
; ST_SUSTAIN           ; 6                                ; Signed Integer  ;
+----------------------+----------------------------------+-----------------+
Note: In order to hide this table in the UI and the text report file, please set the "Show Parameter Settings in Synthesis Report" option in "Analysis and Synthesis Settings -> More Settings" to "Off".


+----------------------------------------------------------------------------------------+
; Parameter Settings for User Entity Instance: alt_pll:b2v_inst5|altpll:altpll_component ;
+-------------------------------+---------------------------+----------------------------+
; Parameter Name                ; Value                     ; Type                       ;
+-------------------------------+---------------------------+----------------------------+
; OPERATION_MODE                ; NORMAL                    ; Untyped                    ;
; PLL_TYPE                      ; AUTO                      ; Untyped                    ;
; LPM_HINT                      ; CBX_MODULE_PREFIX=alt_pll ; Untyped                    ;
; QUALIFY_CONF_DONE             ; OFF                       ; Untyped                    ;
; COMPENSATE_CLOCK              ; CLK0                      ; Untyped                    ;
; SCAN_CHAIN                    ; LONG                      ; Untyped                    ;
; PRIMARY_CLOCK                 ; INCLK0                    ; Untyped                    ;
; INCLK0_INPUT_FREQUENCY        ; 20000                     ; Signed Integer             ;
; INCLK1_INPUT_FREQUENCY        ; 0                         ; Untyped                    ;
; GATE_LOCK_SIGNAL              ; NO                        ; Untyped                    ;
; GATE_LOCK_COUNTER             ; 0                         ; Untyped                    ;
; LOCK_HIGH                     ; 1                         ; Untyped                    ;
; LOCK_LOW                      ; 1                         ; Untyped                    ;
; VALID_LOCK_MULTIPLIER         ; 1                         ; Untyped                    ;
; INVALID_LOCK_MULTIPLIER       ; 5                         ; Untyped                    ;
; SWITCH_OVER_ON_LOSSCLK        ; OFF                       ; Untyped                    ;
; SWITCH_OVER_ON_GATED_LOCK     ; OFF                       ; Untyped                    ;
; ENABLE_SWITCH_OVER_COUNTER    ; OFF                       ; Untyped                    ;
; SKIP_VCO                      ; OFF                       ; Untyped                    ;
; SWITCH_OVER_COUNTER           ; 0                         ; Untyped                    ;
; SWITCH_OVER_TYPE              ; AUTO                      ; Untyped                    ;
; FEEDBACK_SOURCE               ; EXTCLK0                   ; Untyped                    ;
; BANDWIDTH                     ; 0                         ; Untyped                    ;
; BANDWIDTH_TYPE                ; AUTO                      ; Untyped                    ;
; SPREAD_FREQUENCY              ; 0                         ; Untyped                    ;
; DOWN_SPREAD                   ; 0                         ; Untyped                    ;
; SELF_RESET_ON_GATED_LOSS_LOCK ; OFF                       ; Untyped                    ;
; SELF_RESET_ON_LOSS_LOCK       ; OFF                       ; Untyped                    ;
; CLK9_MULTIPLY_BY              ; 0                         ; Untyped                    ;
; CLK8_MULTIPLY_BY              ; 0                         ; Untyped                    ;
; CLK7_MULTIPLY_BY              ; 0                         ; Untyped                    ;
; CLK6_MULTIPLY_BY              ; 0                         ; Untyped                    ;
; CLK5_MULTIPLY_BY              ; 1                         ; Untyped                    ;
; CLK4_MULTIPLY_BY              ; 1                         ; Untyped                    ;
; CLK3_MULTIPLY_BY              ; 1                         ; Untyped                    ;
; CLK2_MULTIPLY_BY              ; 1                         ; Untyped                    ;
; CLK1_MULTIPLY_BY              ; 1                         ; Untyped                    ;
; CLK0_MULTIPLY_BY              ; 11059                     ; Signed Integer             ;
; CLK9_DIVIDE_BY                ; 0                         ; Untyped                    ;
; CLK8_DIVIDE_BY                ; 0                         ; Untyped                    ;
; CLK7_DIVIDE_BY                ; 0                         ; Untyped                    ;
; CLK6_DIVIDE_BY                ; 0                         ; Untyped                    ;
; CLK5_DIVIDE_BY                ; 1                         ; Untyped                    ;
; CLK4_DIVIDE_BY                ; 1                         ; Untyped                    ;
; CLK3_DIVIDE_BY                ; 1                         ; Untyped                    ;
; CLK2_DIVIDE_BY                ; 1                         ; Untyped                    ;
; CLK1_DIVIDE_BY                ; 1                         ; Untyped                    ;
; CLK0_DIVIDE_BY                ; 12500                     ; Signed Integer             ;
; CLK9_PHASE_SHIFT              ; 0                         ; Untyped                    ;
; CLK8_PHASE_SHIFT              ; 0                         ; Untyped                    ;
; CLK7_PHASE_SHIFT              ; 0                         ; Untyped                    ;
; CLK6_PHASE_SHIFT              ; 0                         ; Untyped                    ;
; CLK5_PHASE_SHIFT              ; 0                         ; Untyped                    ;
; CLK4_PHASE_SHIFT              ; 0                         ; Untyped                    ;
; CLK3_PHASE_SHIFT              ; 0                         ; Untyped                    ;
; CLK2_PHASE_SHIFT              ; 0                         ; Untyped                    ;
; CLK1_PHASE_SHIFT              ; 0                         ; Untyped                    ;
; CLK0_PHASE_SHIFT              ; 0                         ; Untyped                    ;
; CLK5_TIME_DELAY               ; 0                         ; Untyped                    ;
; CLK4_TIME_DELAY               ; 0                         ; Untyped                    ;
; CLK3_TIME_DELAY               ; 0                         ; Untyped                    ;
; CLK2_TIME_DELAY               ; 0                         ; Untyped                    ;
; CLK1_TIME_DELAY               ; 0                         ; Untyped                    ;
; CLK0_TIME_DELAY               ; 0                         ; Untyped                    ;
; CLK9_DUTY_CYCLE               ; 50                        ; Untyped                    ;
; CLK8_DUTY_CYCLE               ; 50                        ; Untyped                    ;
; CLK7_DUTY_CYCLE               ; 50                        ; Untyped                    ;
; CLK6_DUTY_CYCLE               ; 50                        ; Untyped                    ;
; CLK5_DUTY_CYCLE               ; 50                        ; Untyped                    ;
; CLK4_DUTY_CYCLE               ; 50                        ; Untyped                    ;
; CLK3_DUTY_CYCLE               ; 50                        ; Untyped                    ;
; CLK2_DUTY_CYCLE               ; 50                        ; Untyped                    ;
; CLK1_DUTY_CYCLE               ; 50                        ; Untyped                    ;
; CLK0_DUTY_CYCLE               ; 50                        ; Signed Integer             ;
; CLK9_USE_EVEN_COUNTER_MODE    ; OFF                       ; Untyped                    ;
; CLK8_USE_EVEN_COUNTER_MODE    ; OFF                       ; Untyped                    ;
; CLK7_USE_EVEN_COUNTER_MODE    ; OFF                       ; Untyped                    ;
; CLK6_USE_EVEN_COUNTER_MODE    ; OFF                       ; Untyped                    ;
; CLK5_USE_EVEN_COUNTER_MODE    ; OFF                       ; Untyped                    ;
; CLK4_USE_EVEN_COUNTER_MODE    ; OFF                       ; Untyped                    ;
; CLK3_USE_EVEN_COUNTER_MODE    ; OFF                       ; Untyped                    ;
; CLK2_USE_EVEN_COUNTER_MODE    ; OFF                       ; Untyped                    ;
; CLK1_USE_EVEN_COUNTER_MODE    ; OFF                       ; Untyped                    ;
; CLK0_USE_EVEN_COUNTER_MODE    ; OFF                       ; Untyped                    ;
; CLK9_USE_EVEN_COUNTER_VALUE   ; OFF                       ; Untyped                    ;
; CLK8_USE_EVEN_COUNTER_VALUE   ; OFF                       ; Untyped                    ;
; CLK7_USE_EVEN_COUNTER_VALUE   ; OFF                       ; Untyped                    ;
; CLK6_USE_EVEN_COUNTER_VALUE   ; OFF                       ; Untyped                    ;
; CLK5_USE_EVEN_COUNTER_VALUE   ; OFF                       ; Untyped                    ;
; CLK4_USE_EVEN_COUNTER_VALUE   ; OFF                       ; Untyped                    ;
; CLK3_USE_EVEN_COUNTER_VALUE   ; OFF                       ; Untyped                    ;
; CLK2_USE_EVEN_COUNTER_VALUE   ; OFF                       ; Untyped                    ;
; CLK1_USE_EVEN_COUNTER_VALUE   ; OFF                       ; Untyped                    ;
; CLK0_USE_EVEN_COUNTER_VALUE   ; OFF                       ; Untyped                    ;
; LOCK_WINDOW_UI                ;  0.05                     ; Untyped                    ;
; LOCK_WINDOW_UI_BITS           ; UNUSED                    ; Untyped                    ;
; VCO_RANGE_DETECTOR_LOW_BITS   ; UNUSED                    ; Untyped                    ;
; VCO_RANGE_DETECTOR_HIGH_BITS  ; UNUSED                    ; Untyped                    ;
; DPA_MULTIPLY_BY               ; 0                         ; Untyped                    ;
; DPA_DIVIDE_BY                 ; 1                         ; Untyped                    ;
; DPA_DIVIDER                   ; 0                         ; Untyped                    ;
; EXTCLK3_MULTIPLY_BY           ; 1                         ; Untyped                    ;
; EXTCLK2_MULTIPLY_BY           ; 1                         ; Untyped                    ;
; EXTCLK1_MULTIPLY_BY           ; 1                         ; Untyped                    ;
; EXTCLK0_MULTIPLY_BY           ; 1                         ; Untyped                    ;
; EXTCLK3_DIVIDE_BY             ; 1                         ; Untyped                    ;
; EXTCLK2_DIVIDE_BY             ; 1                         ; Untyped                    ;
; EXTCLK1_DIVIDE_BY             ; 1                         ; Untyped                    ;
; EXTCLK0_DIVIDE_BY             ; 1                         ; Untyped                    ;
; EXTCLK3_PHASE_SHIFT           ; 0                         ; Untyped                    ;
; EXTCLK2_PHASE_SHIFT           ; 0                         ; Untyped                    ;
; EXTCLK1_PHASE_SHIFT           ; 0                         ; Untyped                    ;
; EXTCLK0_PHASE_SHIFT           ; 0                         ; Untyped                    ;
; EXTCLK3_TIME_DELAY            ; 0                         ; Untyped                    ;
; EXTCLK2_TIME_DELAY            ; 0                         ; Untyped                    ;
; EXTCLK1_TIME_DELAY            ; 0                         ; Untyped                    ;
; EXTCLK0_TIME_DELAY            ; 0                         ; Untyped                    ;
; EXTCLK3_DUTY_CYCLE            ; 50                        ; Untyped                    ;
; EXTCLK2_DUTY_CYCLE            ; 50                        ; Untyped                    ;
; EXTCLK1_DUTY_CYCLE            ; 50                        ; Untyped                    ;
; EXTCLK0_DUTY_CYCLE            ; 50                        ; Untyped                    ;
; VCO_MULTIPLY_BY               ; 0                         ; Untyped                    ;
; VCO_DIVIDE_BY                 ; 0                         ; Untyped                    ;
; SCLKOUT0_PHASE_SHIFT          ; 0                         ; Untyped                    ;
; SCLKOUT1_PHASE_SHIFT          ; 0                         ; Untyped                    ;
; VCO_MIN                       ; 0                         ; Untyped                    ;
; VCO_MAX                       ; 0                         ; Untyped                    ;
; VCO_CENTER                    ; 0                         ; Untyped                    ;
; PFD_MIN                       ; 0                         ; Untyped                    ;
; PFD_MAX                       ; 0                         ; Untyped                    ;
; M_INITIAL                     ; 0                         ; Untyped                    ;
; M                             ; 0                         ; Untyped                    ;
; N                             ; 1                         ; Untyped                    ;
; M2                            ; 1                         ; Untyped                    ;
; N2                            ; 1                         ; Untyped                    ;
; SS                            ; 1                         ; Untyped                    ;
; C0_HIGH                       ; 0                         ; Untyped                    ;
; C1_HIGH                       ; 0                         ; Untyped                    ;
; C2_HIGH                       ; 0                         ; Untyped                    ;
; C3_HIGH                       ; 0                         ; Untyped                    ;
; C4_HIGH                       ; 0                         ; Untyped                    ;
; C5_HIGH                       ; 0                         ; Untyped                    ;
; C6_HIGH                       ; 0                         ; Untyped                    ;
; C7_HIGH                       ; 0                         ; Untyped                    ;
; C8_HIGH                       ; 0                         ; Untyped                    ;
; C9_HIGH                       ; 0                         ; Untyped                    ;
; C0_LOW                        ; 0                         ; Untyped                    ;
; C1_LOW                        ; 0                         ; Untyped                    ;
; C2_LOW                        ; 0                         ; Untyped                    ;
; C3_LOW                        ; 0                         ; Untyped                    ;
; C4_LOW                        ; 0                         ; Untyped                    ;
; C5_LOW                        ; 0                         ; Untyped                    ;
; C6_LOW                        ; 0                         ; Untyped                    ;
; C7_LOW                        ; 0                         ; Untyped                    ;
; C8_LOW                        ; 0                         ; Untyped                    ;
; C9_LOW                        ; 0                         ; Untyped                    ;
; C0_INITIAL                    ; 0                         ; Untyped                    ;
; C1_INITIAL                    ; 0                         ; Untyped                    ;
; C2_INITIAL                    ; 0                         ; Untyped                    ;
; C3_INITIAL                    ; 0                         ; Untyped                    ;
; C4_INITIAL                    ; 0                         ; Untyped                    ;
; C5_INITIAL                    ; 0                         ; Untyped                    ;
; C6_INITIAL                    ; 0                         ; Untyped                    ;
; C7_INITIAL                    ; 0                         ; Untyped                    ;
; C8_INITIAL                    ; 0                         ; Untyped                    ;
; C9_INITIAL                    ; 0                         ; Untyped                    ;
; C0_MODE                       ; BYPASS                    ; Untyped                    ;
; C1_MODE                       ; BYPASS                    ; Untyped                    ;
; C2_MODE                       ; BYPASS                    ; Untyped                    ;
; C3_MODE                       ; BYPASS                    ; Untyped                    ;
; C4_MODE                       ; BYPASS                    ; Untyped                    ;
; C5_MODE                       ; BYPASS                    ; Untyped                    ;
; C6_MODE                       ; BYPASS                    ; Untyped                    ;
; C7_MODE                       ; BYPASS                    ; Untyped                    ;
; C8_MODE                       ; BYPASS                    ; Untyped                    ;
; C9_MODE                       ; BYPASS                    ; Untyped                    ;
; C0_PH                         ; 0                         ; Untyped                    ;
; C1_PH                         ; 0                         ; Untyped                    ;
; C2_PH                         ; 0                         ; Untyped                    ;
; C3_PH                         ; 0                         ; Untyped                    ;
; C4_PH                         ; 0                         ; Untyped                    ;
; C5_PH                         ; 0                         ; Untyped                    ;
; C6_PH                         ; 0                         ; Untyped                    ;
; C7_PH                         ; 0                         ; Untyped                    ;
; C8_PH                         ; 0                         ; Untyped                    ;
; C9_PH                         ; 0                         ; Untyped                    ;
; L0_HIGH                       ; 1                         ; Untyped                    ;
; L1_HIGH                       ; 1                         ; Untyped                    ;
; G0_HIGH                       ; 1                         ; Untyped                    ;
; G1_HIGH                       ; 1                         ; Untyped                    ;
; G2_HIGH                       ; 1                         ; Untyped                    ;
; G3_HIGH                       ; 1                         ; Untyped                    ;
; E0_HIGH                       ; 1                         ; Untyped                    ;
; E1_HIGH                       ; 1                         ; Untyped                    ;
; E2_HIGH                       ; 1                         ; Untyped                    ;
; E3_HIGH                       ; 1                         ; Untyped                    ;
; L0_LOW                        ; 1                         ; Untyped                    ;
; L1_LOW                        ; 1                         ; Untyped                    ;
; G0_LOW                        ; 1                         ; Untyped                    ;
; G1_LOW                        ; 1                         ; Untyped                    ;
; G2_LOW                        ; 1                         ; Untyped                    ;
; G3_LOW                        ; 1                         ; Untyped                    ;
; E0_LOW                        ; 1                         ; Untyped                    ;
; E1_LOW                        ; 1                         ; Untyped                    ;
; E2_LOW                        ; 1                         ; Untyped                    ;
; E3_LOW                        ; 1                         ; Untyped                    ;
; L0_INITIAL                    ; 1                         ; Untyped                    ;
; L1_INITIAL                    ; 1                         ; Untyped                    ;
; G0_INITIAL                    ; 1                         ; Untyped                    ;
; G1_INITIAL                    ; 1                         ; Untyped                    ;
; G2_INITIAL                    ; 1                         ; Untyped                    ;
; G3_INITIAL                    ; 1                         ; Untyped                    ;
; E0_INITIAL                    ; 1                         ; Untyped                    ;
; E1_INITIAL                    ; 1                         ; Untyped                    ;
; E2_INITIAL                    ; 1                         ; Untyped                    ;
; E3_INITIAL                    ; 1                         ; Untyped                    ;
; L0_MODE                       ; BYPASS                    ; Untyped                    ;
; L1_MODE                       ; BYPASS                    ; Untyped                    ;
; G0_MODE                       ; BYPASS                    ; Untyped                    ;
; G1_MODE                       ; BYPASS                    ; Untyped                    ;
; G2_MODE                       ; BYPASS                    ; Untyped                    ;
; G3_MODE                       ; BYPASS                    ; Untyped                    ;
; E0_MODE                       ; BYPASS                    ; Untyped                    ;
; E1_MODE                       ; BYPASS                    ; Untyped                    ;
; E2_MODE                       ; BYPASS                    ; Untyped                    ;
; E3_MODE                       ; BYPASS                    ; Untyped                    ;
; L0_PH                         ; 0                         ; Untyped                    ;
; L1_PH                         ; 0                         ; Untyped                    ;
; G0_PH                         ; 0                         ; Untyped                    ;
; G1_PH                         ; 0                         ; Untyped                    ;
; G2_PH                         ; 0                         ; Untyped                    ;
; G3_PH                         ; 0                         ; Untyped                    ;
; E0_PH                         ; 0                         ; Untyped                    ;
; E1_PH                         ; 0                         ; Untyped                    ;
; E2_PH                         ; 0                         ; Untyped                    ;
; E3_PH                         ; 0                         ; Untyped                    ;
; M_PH                          ; 0                         ; Untyped                    ;
; C1_USE_CASC_IN                ; OFF                       ; Untyped                    ;
; C2_USE_CASC_IN                ; OFF                       ; Untyped                    ;
; C3_USE_CASC_IN                ; OFF                       ; Untyped                    ;
; C4_USE_CASC_IN                ; OFF                       ; Untyped                    ;
; C5_USE_CASC_IN                ; OFF                       ; Untyped                    ;
; C6_USE_CASC_IN                ; OFF                       ; Untyped                    ;
; C7_USE_CASC_IN                ; OFF                       ; Untyped                    ;
; C8_USE_CASC_IN                ; OFF                       ; Untyped                    ;
; C9_USE_CASC_IN                ; OFF                       ; Untyped                    ;
; CLK0_COUNTER                  ; G0                        ; Untyped                    ;
; CLK1_COUNTER                  ; G0                        ; Untyped                    ;
; CLK2_COUNTER                  ; G0                        ; Untyped                    ;
; CLK3_COUNTER                  ; G0                        ; Untyped                    ;
; CLK4_COUNTER                  ; G0                        ; Untyped                    ;
; CLK5_COUNTER                  ; G0                        ; Untyped                    ;
; CLK6_COUNTER                  ; E0                        ; Untyped                    ;
; CLK7_COUNTER                  ; E1                        ; Untyped                    ;
; CLK8_COUNTER                  ; E2                        ; Untyped                    ;
; CLK9_COUNTER                  ; E3                        ; Untyped                    ;
; L0_TIME_DELAY                 ; 0                         ; Untyped                    ;
; L1_TIME_DELAY                 ; 0                         ; Untyped                    ;
; G0_TIME_DELAY                 ; 0                         ; Untyped                    ;
; G1_TIME_DELAY                 ; 0                         ; Untyped                    ;
; G2_TIME_DELAY                 ; 0                         ; Untyped                    ;
; G3_TIME_DELAY                 ; 0                         ; Untyped                    ;
; E0_TIME_DELAY                 ; 0                         ; Untyped                    ;
; E1_TIME_DELAY                 ; 0                         ; Untyped                    ;
; E2_TIME_DELAY                 ; 0                         ; Untyped                    ;
; E3_TIME_DELAY                 ; 0                         ; Untyped                    ;
; M_TIME_DELAY                  ; 0                         ; Untyped                    ;
; N_TIME_DELAY                  ; 0                         ; Untyped                    ;
; EXTCLK3_COUNTER               ; E3                        ; Untyped                    ;
; EXTCLK2_COUNTER               ; E2                        ; Untyped                    ;
; EXTCLK1_COUNTER               ; E1                        ; Untyped                    ;
; EXTCLK0_COUNTER               ; E0                        ; Untyped                    ;
; ENABLE0_COUNTER               ; L0                        ; Untyped                    ;
; ENABLE1_COUNTER               ; L0                        ; Untyped                    ;
; CHARGE_PUMP_CURRENT           ; 2                         ; Untyped                    ;
; LOOP_FILTER_R                 ;  1.000000                 ; Untyped                    ;
; LOOP_FILTER_C                 ; 5                         ; Untyped                    ;
; CHARGE_PUMP_CURRENT_BITS      ; 9999                      ; Untyped                    ;
; LOOP_FILTER_R_BITS            ; 9999                      ; Untyped                    ;
; LOOP_FILTER_C_BITS            ; 9999                      ; Untyped                    ;
; VCO_POST_SCALE                ; 0                         ; Untyped                    ;
; CLK2_OUTPUT_FREQUENCY         ; 0                         ; Untyped                    ;
; CLK1_OUTPUT_FREQUENCY         ; 0                         ; Untyped                    ;
; CLK0_OUTPUT_FREQUENCY         ; 0                         ; Untyped                    ;
; INTENDED_DEVICE_FAMILY        ; Cyclone III               ; Untyped                    ;
; PORT_CLKENA0                  ; PORT_UNUSED               ; Untyped                    ;
; PORT_CLKENA1                  ; PORT_UNUSED               ; Untyped                    ;
; PORT_CLKENA2                  ; PORT_UNUSED               ; Untyped                    ;
; PORT_CLKENA3                  ; PORT_UNUSED               ; Untyped                    ;
; PORT_CLKENA4                  ; PORT_UNUSED               ; Untyped                    ;
; PORT_CLKENA5                  ; PORT_UNUSED               ; Untyped                    ;
; PORT_EXTCLKENA0               ; PORT_CONNECTIVITY         ; Untyped                    ;
; PORT_EXTCLKENA1               ; PORT_CONNECTIVITY         ; Untyped                    ;
; PORT_EXTCLKENA2               ; PORT_CONNECTIVITY         ; Untyped                    ;
; PORT_EXTCLKENA3               ; PORT_CONNECTIVITY         ; Untyped                    ;
; PORT_EXTCLK0                  ; PORT_UNUSED               ; Untyped                    ;
; PORT_EXTCLK1                  ; PORT_UNUSED               ; Untyped                    ;
; PORT_EXTCLK2                  ; PORT_UNUSED               ; Untyped                    ;
; PORT_EXTCLK3                  ; PORT_UNUSED               ; Untyped                    ;
; PORT_CLKBAD0                  ; PORT_UNUSED               ; Untyped                    ;
; PORT_CLKBAD1                  ; PORT_UNUSED               ; Untyped                    ;
; PORT_CLK0                     ; PORT_USED                 ; Untyped                    ;
; PORT_CLK1                     ; PORT_UNUSED               ; Untyped                    ;
; PORT_CLK2                     ; PORT_UNUSED               ; Untyped                    ;
; PORT_CLK3                     ; PORT_UNUSED               ; Untyped                    ;
; PORT_CLK4                     ; PORT_UNUSED               ; Untyped                    ;
; PORT_CLK5                     ; PORT_UNUSED               ; Untyped                    ;
; PORT_CLK6                     ; PORT_UNUSED               ; Untyped                    ;
; PORT_CLK7                     ; PORT_UNUSED               ; Untyped                    ;
; PORT_CLK8                     ; PORT_UNUSED               ; Untyped                    ;
; PORT_CLK9                     ; PORT_UNUSED               ; Untyped                    ;
; PORT_SCANDATA                 ; PORT_UNUSED               ; Untyped                    ;
; PORT_SCANDATAOUT              ; PORT_UNUSED               ; Untyped                    ;
; PORT_SCANDONE                 ; PORT_UNUSED               ; Untyped                    ;
; PORT_SCLKOUT1                 ; PORT_CONNECTIVITY         ; Untyped                    ;
; PORT_SCLKOUT0                 ; PORT_CONNECTIVITY         ; Untyped                    ;
; PORT_ACTIVECLOCK              ; PORT_UNUSED               ; Untyped                    ;
; PORT_CLKLOSS                  ; PORT_UNUSED               ; Untyped                    ;
; PORT_INCLK1                   ; PORT_UNUSED               ; Untyped                    ;
; PORT_INCLK0                   ; PORT_USED                 ; Untyped                    ;
; PORT_FBIN                     ; PORT_UNUSED               ; Untyped                    ;
; PORT_PLLENA                   ; PORT_UNUSED               ; Untyped                    ;
; PORT_CLKSWITCH                ; PORT_UNUSED               ; Untyped                    ;
; PORT_ARESET                   ; PORT_UNUSED               ; Untyped                    ;
; PORT_PFDENA                   ; PORT_UNUSED               ; Untyped                    ;
; PORT_SCANCLK                  ; PORT_UNUSED               ; Untyped                    ;
; PORT_SCANACLR                 ; PORT_UNUSED               ; Untyped                    ;
; PORT_SCANREAD                 ; PORT_UNUSED               ; Untyped                    ;
; PORT_SCANWRITE                ; PORT_UNUSED               ; Untyped                    ;
; PORT_ENABLE0                  ; PORT_CONNECTIVITY         ; Untyped                    ;
; PORT_ENABLE1                  ; PORT_CONNECTIVITY         ; Untyped                    ;
; PORT_LOCKED                   ; PORT_UNUSED               ; Untyped                    ;
; PORT_CONFIGUPDATE             ; PORT_UNUSED               ; Untyped                    ;
; PORT_FBOUT                    ; PORT_CONNECTIVITY         ; Untyped                    ;
; PORT_PHASEDONE                ; PORT_UNUSED               ; Untyped                    ;
; PORT_PHASESTEP                ; PORT_UNUSED               ; Untyped                    ;
; PORT_PHASEUPDOWN              ; PORT_UNUSED               ; Untyped                    ;
; PORT_SCANCLKENA               ; PORT_UNUSED               ; Untyped                    ;
; PORT_PHASECOUNTERSELECT       ; PORT_UNUSED               ; Untyped                    ;
; PORT_VCOOVERRANGE             ; PORT_CONNECTIVITY         ; Untyped                    ;
; PORT_VCOUNDERRANGE            ; PORT_CONNECTIVITY         ; Untyped                    ;
; M_TEST_SOURCE                 ; 5                         ; Untyped                    ;
; C0_TEST_SOURCE                ; 5                         ; Untyped                    ;
; C1_TEST_SOURCE                ; 5                         ; Untyped                    ;
; C2_TEST_SOURCE                ; 5                         ; Untyped                    ;
; C3_TEST_SOURCE                ; 5                         ; Untyped                    ;
; C4_TEST_SOURCE                ; 5                         ; Untyped                    ;
; C5_TEST_SOURCE                ; 5                         ; Untyped                    ;
; C6_TEST_SOURCE                ; 5                         ; Untyped                    ;
; C7_TEST_SOURCE                ; 5                         ; Untyped                    ;
; C8_TEST_SOURCE                ; 5                         ; Untyped                    ;
; C9_TEST_SOURCE                ; 5                         ; Untyped                    ;
; CBXI_PARAMETER                ; alt_pll_altpll            ; Untyped                    ;
; VCO_FREQUENCY_CONTROL         ; AUTO                      ; Untyped                    ;
; VCO_PHASE_SHIFT_STEP          ; 0                         ; Untyped                    ;
; WIDTH_CLOCK                   ; 5                         ; Signed Integer             ;
; WIDTH_PHASECOUNTERSELECT      ; 4                         ; Untyped                    ;
; USING_FBMIMICBIDIR_PORT       ; OFF                       ; Untyped                    ;
; DEVICE_FAMILY                 ; Cyclone III               ; Untyped                    ;
; SCAN_CHAIN_MIF_FILE           ; UNUSED                    ; Untyped                    ;
; SIM_GATE_LOCK_DEVICE_BEHAVIOR ; OFF                       ; Untyped                    ;
; AUTO_CARRY_CHAINS             ; ON                        ; AUTO_CARRY                 ;
; IGNORE_CARRY_BUFFERS          ; OFF                       ; IGNORE_CARRY               ;
; AUTO_CASCADE_CHAINS           ; ON                        ; AUTO_CASCADE               ;
; IGNORE_CASCADE_BUFFERS        ; OFF                       ; IGNORE_CASCADE             ;
+-------------------------------+---------------------------+----------------------------+
Note: In order to hide this table in the UI and the text report file, please set the "Show Parameter Settings in Synthesis Report" option in "Analysis and Synthesis Settings -> More Settings" to "Off".


+---------------------------------------------------------------------------+
; altpll Parameter Settings by Entity Instance                              ;
+-------------------------------+-------------------------------------------+
; Name                          ; Value                                     ;
+-------------------------------+-------------------------------------------+
; Number of entity instances    ; 1                                         ;
; Entity Instance               ; alt_pll:b2v_inst5|altpll:altpll_component ;
;     -- OPERATION_MODE         ; NORMAL                                    ;
;     -- PLL_TYPE               ; AUTO                                      ;
;     -- PRIMARY_CLOCK          ; INCLK0                                    ;
;     -- INCLK0_INPUT_FREQUENCY ; 20000                                     ;
;     -- INCLK1_INPUT_FREQUENCY ; 0                                         ;
;     -- VCO_MULTIPLY_BY        ; 0                                         ;
;     -- VCO_DIVIDE_BY          ; 0                                         ;
+-------------------------------+-------------------------------------------+


+------------------------------------------------------------------------------------------------------------------------+
; Analysis & Elaboration Settings                                                                                        ;
+----------------------------------------------------------------------------+---------------------+---------------------+
; Option                                                                     ; Setting             ; Default Value       ;
+----------------------------------------------------------------------------+---------------------+---------------------+
; Device                                                                     ; EP3C10E144C7        ;                     ;
; Top-level entity name                                                      ; pci_com_lpt_usb_eth ; pci_com_lpt_usb_eth ;
; Family name                                                                ; Cyclone III         ; Cyclone IV GX       ;
; Use smart compilation                                                      ; Off                 ; Off                 ;
; Enable parallel Assembler and TimeQuest Timing Analyzer during compilation ; On                  ; On                  ;
; Enable compact report table                                                ; Off                 ; Off                 ;
; Restructure Multiplexers                                                   ; Auto                ; Auto                ;
; Create Debugging Nodes for IP Cores                                        ; Off                 ; Off                 ;
; Preserve fewer node names                                                  ; On                  ; On                  ;
; Disable OpenCore Plus hardware evaluation                                  ; Off                 ; Off                 ;
; Verilog Version                                                            ; Verilog_2001        ; Verilog_2001        ;
; VHDL Version                                                               ; VHDL_1993           ; VHDL_1993           ;
; State Machine Processing                                                   ; Auto                ; Auto                ;
; Safe State Machine                                                         ; Off                 ; Off                 ;
; Extract Verilog State Machines                                             ; On                  ; On                  ;
; Extract VHDL State Machines                                                ; On                  ; On                  ;
; Ignore Verilog initial constructs                                          ; Off                 ; Off                 ;
; Iteration limit for constant Verilog loops                                 ; 5000                ; 5000                ;
; Iteration limit for non-constant Verilog loops                             ; 250                 ; 250                 ;
; Add Pass-Through Logic to Inferred RAMs                                    ; On                  ; On                  ;
; Infer RAMs from Raw Logic                                                  ; On                  ; On                  ;
; Parallel Synthesis                                                         ; On                  ; On                  ;
; DSP Block Balancing                                                        ; Auto                ; Auto                ;
; NOT Gate Push-Back                                                         ; On                  ; On                  ;
; Power-Up Don't Care                                                        ; On                  ; On                  ;
; Remove Redundant Logic Cells                                               ; Off                 ; Off                 ;
; Remove Duplicate Registers                                                 ; On                  ; On                  ;
; Ignore CARRY Buffers                                                       ; Off                 ; Off                 ;
; Ignore CASCADE Buffers                                                     ; Off                 ; Off                 ;
; Ignore GLOBAL Buffers                                                      ; Off                 ; Off                 ;
; Ignore ROW GLOBAL Buffers                                                  ; Off                 ; Off                 ;
; Ignore LCELL Buffers                                                       ; Off                 ; Off                 ;
; Ignore SOFT Buffers                                                        ; On                  ; On                  ;
; Limit AHDL Integers to 32 Bits                                             ; Off                 ; Off                 ;
; Optimization Technique                                                     ; Balanced            ; Balanced            ;
; Carry Chain Length                                                         ; 70                  ; 70                  ;
; Auto Carry Chains                                                          ; On                  ; On                  ;
; Auto Open-Drain Pins                                                       ; On                  ; On                  ;
; Perform WYSIWYG Primitive Resynthesis                                      ; Off                 ; Off                 ;
; Auto ROM Replacement                                                       ; On                  ; On                  ;
; Auto RAM Replacement                                                       ; On                  ; On                  ;
; Auto DSP Block Replacement                                                 ; On                  ; On                  ;
; Auto Shift Register Replacement                                            ; Auto                ; Auto                ;
; Allow Shift Register Merging across Hierarchies                            ; Auto                ; Auto                ;
; Auto Clock Enable Replacement                                              ; On                  ; On                  ;
; Strict RAM Replacement                                                     ; Off                 ; Off                 ;
; Allow Synchronous Control Signals                                          ; On                  ; On                  ;
; Force Use of Synchronous Clear Signals                                     ; Off                 ; Off                 ;
; Auto RAM Block Balancing                                                   ; On                  ; On                  ;
; Auto RAM to Logic Cell Conversion                                          ; Off                 ; Off                 ;
; Auto Resource Sharing                                                      ; Off                 ; Off                 ;
; Allow Any RAM Size For Recognition                                         ; Off                 ; Off                 ;
; Allow Any ROM Size For Recognition                                         ; Off                 ; Off                 ;
; Allow Any Shift Register Size For Recognition                              ; Off                 ; Off                 ;
; Use LogicLock Constraints during Resource Balancing                        ; On                  ; On                  ;
; Ignore translate_off and synthesis_off directives                          ; Off                 ; Off                 ;
; Timing-Driven Synthesis                                                    ; On                  ; On                  ;
; Report Parameter Settings                                                  ; On                  ; On                  ;
; Report Source Assignments                                                  ; On                  ; On                  ;
; Report Connectivity Checks                                                 ; On                  ; On                  ;
; Ignore Maximum Fan-Out Assignments                                         ; Off                 ; Off                 ;
; Synchronization Register Chain Length                                      ; 2                   ; 2                   ;
; PowerPlay Power Optimization                                               ; Normal compilation  ; Normal compilation  ;
; HDL message level                                                          ; Level2              ; Level2              ;
; Suppress Register Optimization Related Messages                            ; Off                 ; Off                 ;
; Number of Removed Registers Reported in Synthesis Report                   ; 5000                ; 5000                ;
; Number of Swept Nodes Reported in Synthesis Report                         ; 5000                ; 5000                ;
; Number of Inverted Registers Reported in Synthesis Report                  ; 100                 ; 100                 ;
; Clock MUX Protection                                                       ; On                  ; On                  ;
; Auto Gated Clock Conversion                                                ; Off                 ; Off                 ;
; Block Design Naming                                                        ; Auto                ; Auto                ;
; SDC constraint protection                                                  ; Off                 ; Off                 ;
; Synthesis Effort                                                           ; Auto                ; Auto                ;
; Shift Register Replacement - Allow Asynchronous Clear Signal               ; On                  ; On                  ;
; Pre-Mapping Resynthesis Optimization                                       ; Off                 ; Off                 ;
; Analysis & Synthesis Message Level                                         ; Medium              ; Medium              ;
; Disable Register Merging Across Hierarchies                                ; Auto                ; Auto                ;
; Resource Aware Inference For Block RAM                                     ; On                  ; On                  ;
; Synthesis Seed                                                             ; 1                   ; 1                   ;
+----------------------------------------------------------------------------+---------------------+---------------------+


+----------------------------------------------------------------------------------------------------------------------------------------+
; Port Connectivity Checks: "com_controller:b2v_inst"                                                                                    ;
+---------+--------+----------+----------------------------------------------------------------------------------------------------------+
; Port    ; Type   ; Severity ; Details                                                                                                  ;
+---------+--------+----------+----------------------------------------------------------------------------------------------------------+
; O_PAR   ; Output ; Warning  ; Declared by entity but not connected by instance. Logic that only feeds a dangling port will be removed. ;
; baudclk ; Output ; Warning  ; Declared by entity but not connected by instance. Logic that only feeds a dangling port will be removed. ;
+---------+--------+----------+----------------------------------------------------------------------------------------------------------+


+---------------------------------+
; Analysis & Elaboration Messages ;
+---------------------------------+
Info: *******************************************************************
Info: Running Quartus II 32-bit Analysis & Elaboration
    Info: Version 13.0.0 Build 156 04/24/2013 SJ Web Edition
    Info: Processing started: Fri Nov 30 17:12:23 2018
Info: Command: quartus_map --read_settings_files=on --write_settings_files=off pci_com_lpt_usb_eth -c pci_com_lpt_usb_eth --analysis_and_elaboration
Info (20030): Parallel compilation is enabled and will use 4 of the 4 processors detected
Info (12021): Found 1 design units, including 1 entities, in source file pci_com_lpt_usb_eth.v
    Info (12023): Found entity 1: pci_com_lpt_usb_eth
Info (12021): Found 1 design units, including 1 entities, in source file pci_controller.v
    Info (12023): Found entity 1: pci_controller
Warning (10261): Verilog HDL Event Control warning at com_controller.v(537): Event Control contains a complex event expression
Warning (10261): Verilog HDL Event Control warning at com_controller.v(545): Event Control contains a complex event expression
Warning (10261): Verilog HDL Event Control warning at com_controller.v(553): Event Control contains a complex event expression
Warning (10261): Verilog HDL Event Control warning at com_controller.v(569): Event Control contains a complex event expression
Warning (10261): Verilog HDL Event Control warning at com_controller.v(582): Event Control contains a complex event expression
Warning (10261): Verilog HDL Event Control warning at com_controller.v(591): Event Control contains a complex event expression
Warning (10261): Verilog HDL Event Control warning at com_controller.v(602): Event Control contains a complex event expression
Warning (10261): Verilog HDL Event Control warning at com_controller.v(616): Event Control contains a complex event expression
Warning (10261): Verilog HDL Event Control warning at com_controller.v(627): Event Control contains a complex event expression
Warning (10261): Verilog HDL Event Control warning at com_controller.v(637): Event Control contains a complex event expression
Warning (10261): Verilog HDL Event Control warning at com_controller.v(655): Event Control contains a complex event expression
Info (12021): Found 1 design units, including 1 entities, in source file com_controller.v
    Info (12023): Found entity 1: com_controller
Info (12021): Found 1 design units, including 1 entities, in source file alt_pll.v
    Info (12023): Found entity 1: alt_pll
Warning (10236): Verilog HDL Implicit Net warning at com_controller.v(531): created implicit net for "is_dev_init"
Info (12127): Elaborating entity "pci_com_lpt_usb_eth" for the top level hierarchy
Info (12128): Elaborating entity "com_controller" for hierarchy "com_controller:b2v_inst"
Warning (10036): Verilog HDL or VHDL warning at com_controller.v(82): object "COM1_RESET" assigned a value but never read
Info (10264): Verilog HDL Case Statement information at com_controller.v(109): all case item expressions in this case statement are onehot
Warning (10230): Verilog HDL assignment warning at com_controller.v(325): truncated value with size 32 to match size of target (4)
Warning (10230): Verilog HDL assignment warning at com_controller.v(426): truncated value with size 32 to match size of target (21)
Warning (10230): Verilog HDL assignment warning at com_controller.v(437): truncated value with size 32 to match size of target (21)
Warning (10230): Verilog HDL assignment warning at com_controller.v(466): truncated value with size 32 to match size of target (4)
Warning (10230): Verilog HDL assignment warning at com_controller.v(563): truncated value with size 32 to match size of target (6)
Warning (10230): Verilog HDL assignment warning at com_controller.v(588): truncated value with size 32 to match size of target (4)
Warning (10240): Verilog HDL Always Construct warning at com_controller.v(602): inferring latch(es) for variable "MSR_COM1", which holds its previous value in one or more paths through the always construct
Warning (10230): Verilog HDL assignment warning at com_controller.v(652): truncated value with size 32 to match size of target (8)
Warning (10240): Verilog HDL Always Construct warning at com_controller.v(676): inferring latch(es) for variable "IIR_COM1", which holds its previous value in one or more paths through the always construct
Warning (10230): Verilog HDL assignment warning at com_controller.v(752): truncated value with size 32 to match size of target (4)
Warning (10230): Verilog HDL assignment warning at com_controller.v(754): truncated value with size 32 to match size of target (4)
Warning (10240): Verilog HDL Always Construct warning at com_controller.v(717): inferring latch(es) for variable "FCR_COM1", which holds its previous value in one or more paths through the always construct
Warning (10034): Output port "O_PAR" at com_controller.v(13) has no driver
Warning (10034): Output port "baudclk" at com_controller.v(20) has no driver
Info (10041): Inferred latch for "FCR_COM1[0]" at com_controller.v(717)
Info (10041): Inferred latch for "FCR_COM1[2]" at com_controller.v(717)
Info (10041): Inferred latch for "FCR_COM1[6]" at com_controller.v(717)
Info (10041): Inferred latch for "FCR_COM1[7]" at com_controller.v(717)
Info (10041): Inferred latch for "IIR_COM1[4]" at com_controller.v(676)
Info (10041): Inferred latch for "IIR_COM1[5]" at com_controller.v(676)
Info (10041): Inferred latch for "MSR_COM1[1]" at com_controller.v(602)
Info (10041): Inferred latch for "MSR_COM1[2]" at com_controller.v(602)
Info (10041): Inferred latch for "MSR_COM1[3]" at com_controller.v(602)
Info (12128): Elaborating entity "pci_controller" for hierarchy "pci_controller:b2v_inst1"
Warning (10858): Verilog HDL warning at pci_controller.v(30): object BAR_0_DEV0 used but never assigned
Warning (10858): Verilog HDL warning at pci_controller.v(31): object BAR_1_DEV0 used but never assigned
Warning (10858): Verilog HDL warning at pci_controller.v(32): object BAR_2_DEV0 used but never assigned
Warning (10858): Verilog HDL warning at pci_controller.v(33): object BAR_3_DEV0 used but never assigned
Warning (10858): Verilog HDL warning at pci_controller.v(35): object BAR_5_DEV0 used but never assigned
Warning (10858): Verilog HDL warning at pci_controller.v(41): object BAR_2_DEV1 used but never assigned
Warning (10858): Verilog HDL warning at pci_controller.v(42): object BAR_3_DEV1 used but never assigned
Warning (10858): Verilog HDL warning at pci_controller.v(43): object BAR_4_DEV1 used but never assigned
Warning (10858): Verilog HDL warning at pci_controller.v(44): object BAR_5_DEV1 used but never assigned
Warning (10036): Verilog HDL or VHDL warning at pci_controller.v(125): object "is_devcs" assigned a value but never read
Warning (10036): Verilog HDL or VHDL warning at pci_controller.v(129): object "is_cfg_space" assigned a value but never read
Warning (10230): Verilog HDL assignment warning at pci_controller.v(279): truncated value with size 32 to match size of target (16)
Warning (10030): Net "BAR_0_DEV0" at pci_controller.v(30) has no driver or initial value, using a default initial value '0'
Warning (10030): Net "BAR_1_DEV0" at pci_controller.v(31) has no driver or initial value, using a default initial value '0'
Warning (10030): Net "BAR_2_DEV0" at pci_controller.v(32) has no driver or initial value, using a default initial value '0'
Warning (10030): Net "BAR_3_DEV0" at pci_controller.v(33) has no driver or initial value, using a default initial value '0'
Warning (10030): Net "BAR_5_DEV0" at pci_controller.v(35) has no driver or initial value, using a default initial value '0'
Warning (10030): Net "BAR_2_DEV1" at pci_controller.v(41) has no driver or initial value, using a default initial value '0'
Warning (10030): Net "BAR_3_DEV1" at pci_controller.v(42) has no driver or initial value, using a default initial value '0'
Warning (10030): Net "BAR_4_DEV1" at pci_controller.v(43) has no driver or initial value, using a default initial value '0'
Warning (10030): Net "BAR_5_DEV1" at pci_controller.v(44) has no driver or initial value, using a default initial value '0'
Info (12128): Elaborating entity "alt_pll" for hierarchy "alt_pll:b2v_inst5"
Info (12128): Elaborating entity "altpll" for hierarchy "alt_pll:b2v_inst5|altpll:altpll_component"
Info (12130): Elaborated megafunction instantiation "alt_pll:b2v_inst5|altpll:altpll_component"
Info (12133): Instantiated megafunction "alt_pll:b2v_inst5|altpll:altpll_component" with the following parameter:
    Info (12134): Parameter "bandwidth_type" = "AUTO"
    Info (12134): Parameter "clk0_divide_by" = "12500"
    Info (12134): Parameter "clk0_duty_cycle" = "50"
    Info (12134): Parameter "clk0_multiply_by" = "11059"
    Info (12134): Parameter "clk0_phase_shift" = "0"
    Info (12134): Parameter "compensate_clock" = "CLK0"
    Info (12134): Parameter "inclk0_input_frequency" = "20000"
    Info (12134): Parameter "intended_device_family" = "Cyclone III"
    Info (12134): Parameter "lpm_hint" = "CBX_MODULE_PREFIX=alt_pll"
    Info (12134): Parameter "lpm_type" = "altpll"
    Info (12134): Parameter "operation_mode" = "NORMAL"
    Info (12134): Parameter "pll_type" = "AUTO"
    Info (12134): Parameter "port_activeclock" = "PORT_UNUSED"
    Info (12134): Parameter "port_areset" = "PORT_UNUSED"
    Info (12134): Parameter "port_clkbad0" = "PORT_UNUSED"
    Info (12134): Parameter "port_clkbad1" = "PORT_UNUSED"
    Info (12134): Parameter "port_clkloss" = "PORT_UNUSED"
    Info (12134): Parameter "port_clkswitch" = "PORT_UNUSED"
    Info (12134): Parameter "port_configupdate" = "PORT_UNUSED"
    Info (12134): Parameter "port_fbin" = "PORT_UNUSED"
    Info (12134): Parameter "port_inclk0" = "PORT_USED"
    Info (12134): Parameter "port_inclk1" = "PORT_UNUSED"
    Info (12134): Parameter "port_locked" = "PORT_UNUSED"
    Info (12134): Parameter "port_pfdena" = "PORT_UNUSED"
    Info (12134): Parameter "port_phasecounterselect" = "PORT_UNUSED"
    Info (12134): Parameter "port_phasedone" = "PORT_UNUSED"
    Info (12134): Parameter "port_phasestep" = "PORT_UNUSED"
    Info (12134): Parameter "port_phaseupdown" = "PORT_UNUSED"
    Info (12134): Parameter "port_pllena" = "PORT_UNUSED"
    Info (12134): Parameter "port_scanaclr" = "PORT_UNUSED"
    Info (12134): Parameter "port_scanclk" = "PORT_UNUSED"
    Info (12134): Parameter "port_scanclkena" = "PORT_UNUSED"
    Info (12134): Parameter "port_scandata" = "PORT_UNUSED"
    Info (12134): Parameter "port_scandataout" = "PORT_UNUSED"
    Info (12134): Parameter "port_scandone" = "PORT_UNUSED"
    Info (12134): Parameter "port_scanread" = "PORT_UNUSED"
    Info (12134): Parameter "port_scanwrite" = "PORT_UNUSED"
    Info (12134): Parameter "port_clk0" = "PORT_USED"
    Info (12134): Parameter "port_clk1" = "PORT_UNUSED"
    Info (12134): Parameter "port_clk2" = "PORT_UNUSED"
    Info (12134): Parameter "port_clk3" = "PORT_UNUSED"
    Info (12134): Parameter "port_clk4" = "PORT_UNUSED"
    Info (12134): Parameter "port_clk5" = "PORT_UNUSED"
    Info (12134): Parameter "port_clkena0" = "PORT_UNUSED"
    Info (12134): Parameter "port_clkena1" = "PORT_UNUSED"
    Info (12134): Parameter "port_clkena2" = "PORT_UNUSED"
    Info (12134): Parameter "port_clkena3" = "PORT_UNUSED"
    Info (12134): Parameter "port_clkena4" = "PORT_UNUSED"
    Info (12134): Parameter "port_clkena5" = "PORT_UNUSED"
    Info (12134): Parameter "port_extclk0" = "PORT_UNUSED"
    Info (12134): Parameter "port_extclk1" = "PORT_UNUSED"
    Info (12134): Parameter "port_extclk2" = "PORT_UNUSED"
    Info (12134): Parameter "port_extclk3" = "PORT_UNUSED"
    Info (12134): Parameter "width_clock" = "5"
Info (12021): Found 1 design units, including 1 entities, in source file db/alt_pll_altpll.v
    Info (12023): Found entity 1: alt_pll_altpll
Info (12128): Elaborating entity "alt_pll_altpll" for hierarchy "alt_pll:b2v_inst5|altpll:altpll_component|alt_pll_altpll:auto_generated"
Warning (12241): 1 hierarchies have connectivity warnings - see the Connectivity Checks report folder
Info (144001): Generated suppressed messages file C:/altera/13.0/pci_com_lpt_usb_eth/output_files/pci_com_lpt_usb_eth.map.smsg
Info: Quartus II 32-bit Analysis & Elaboration was successful. 0 errors, 49 warnings
    Info: Peak virtual memory: 351 megabytes
    Info: Processing ended: Fri Nov 30 17:12:26 2018
    Info: Elapsed time: 00:00:03
    Info: Total CPU time (on all processors): 00:00:01


+--------------------------------------------+
; Analysis & Elaboration Suppressed Messages ;
+--------------------------------------------+
The suppressed messages can be found in C:/altera/13.0/pci_com_lpt_usb_eth/output_files/pci_com_lpt_usb_eth.map.smsg.


