Flow report for pci_com_lpt_usb_eth
Tue Oct 16 05:47:36 2018
Quartus II Version 9.0 Build 184 04/29/2009 Service Pack 1 SJ Web Edition


---------------------
; Table of Contents ;
---------------------
  1. Legal Notice
  2. Flow Summary
  3. Flow Settings
  4. Flow Non-Default Global Settings
  5. Flow Elapsed Time
  6. Flow OS Summary
  7. Flow Log



----------------
; Legal Notice ;
----------------
Copyright (C) 1991-2009 Altera Corporation
Your use of Altera Corporation's design tools, logic functions 
and other software and tools, and its AMPP partner logic 
functions, and any output files from any of the foregoing 
(including device programming or simulation files), and any 
associated documentation or information are expressly subject 
to the terms and conditions of the Altera Program License 
Subscription Agreement, Altera MegaCore Function License 
Agreement, or other applicable license agreement, including, 
without limitation, that your use is for the sole purpose of 
programming logic devices manufactured by Altera and sold by 
Altera or its authorized distributors.  Please refer to the 
applicable agreement for further details.



+------------------------------------------------------------------------+
; Flow Summary                                                           ;
+-------------------------+----------------------------------------------+
; Flow Status             ; Successful - Tue Oct 16 05:47:36 2018        ;
; Quartus II Version      ; 9.0 Build 184 04/29/2009 SP 1 SJ Web Edition ;
; Revision Name           ; pci_com_lpt_usb_eth                          ;
; Top-level Entity Name   ; pci_com_lpt_usb_eth                          ;
; Family                  ; FLEX10KE                                     ;
; Device                  ; EPF10K200SRC240-3                            ;
; Timing Models           ; Final                                        ;
; Met timing requirements ; Yes                                          ;
; Total logic elements    ; 1,168 / 9,984 ( 12 % )                       ;
; Total pins              ; 57 / 182 ( 31 % )                            ;
; Total memory bits       ; 128 / 98,304 ( < 1 % )                       ;
; Total PLLs              ; 0                                            ;
+-------------------------+----------------------------------------------+


+-----------------------------------------+
; Flow Settings                           ;
+-------------------+---------------------+
; Option            ; Setting             ;
+-------------------+---------------------+
; Start date & time ; 10/16/2018 05:47:06 ;
; Main task         ; Compilation         ;
; Revision Name     ; pci_com_lpt_usb_eth ;
+-------------------+---------------------+


+------------------------------------------------------------------------------------------------------------------+
; Flow Non-Default Global Settings                                                                                 ;
+------------------------------------+------------------------------+---------------+-------------+----------------+
; Assignment Name                    ; Value                        ; Default Value ; Entity Name ; Section Id     ;
+------------------------------------+------------------------------+---------------+-------------+----------------+
; AUTO_GLOBAL_CLOCK                  ; Off                          ; On            ; --          ; --             ;
; AUTO_GLOBAL_OE                     ; Off                          ; On            ; --          ; --             ;
; AUTO_GLOBAL_REGISTER_CONTROLS      ; Off                          ; On            ; --          ; --             ;
; AUTO_PACKED_REGISTERS              ; Normal                       ; Off           ; --          ; --             ;
; COMPILER_SIGNATURE_ID              ; 136635251767.153965442602920 ; --            ; --          ; --             ;
; ECO_OPTIMIZE_TIMING                ; On                           ; Off           ; --          ; --             ;
; FITTER_EFFORT                      ; Standard Fit                 ; Auto Fit      ; --          ; --             ;
; NUMBER_OF_PATHS_TO_REPORT          ; 2000                         ; 200           ; --          ; --             ;
; OPTIMIZE_HOLD_TIMING               ; Off                          ; --            ; --          ; --             ;
; ROUTER_TIMING_OPTIMIZATION_LEVEL   ; MAXIMUM                      ; Normal        ; --          ; --             ;
; USE_GENERATED_PHYSICAL_CONSTRAINTS ; Off                          ; --            ; --          ; eda_blast_fpga ;
+------------------------------------+------------------------------+---------------+-------------+----------------+


+-----------------------------------------------------------------------------------------------------------------------------+
; Flow Elapsed Time                                                                                                           ;
+-------------------------+--------------+-------------------------+---------------------+------------------------------------+
; Module Name             ; Elapsed Time ; Average Processors Used ; Peak Virtual Memory ; Total CPU Time (on all processors) ;
+-------------------------+--------------+-------------------------+---------------------+------------------------------------+
; Analysis & Synthesis    ; 00:00:05     ; 1.0                     ; 188 MB              ; 00:00:05                           ;
; Fitter                  ; 00:00:18     ; 1.0                     ; 200 MB              ; 00:00:18                           ;
; Assembler               ; 00:00:02     ; 1.0                     ; 197 MB              ; 00:00:01                           ;
; Classic Timing Analyzer ; 00:00:02     ; 1.0                     ; 160 MB              ; 00:00:02                           ;
; Total                   ; 00:00:27     ; --                      ; --                  ; 00:00:26                           ;
+-------------------------+--------------+-------------------------+---------------------+------------------------------------+


+---------------------------------------------------------------------------------------+
; Flow OS Summary                                                                       ;
+-------------------------+------------------+------------+------------+----------------+
; Module Name             ; Machine Hostname ; OS Name    ; OS Version ; Processor type ;
+-------------------------+------------------+------------+------------+----------------+
; Analysis & Synthesis    ; microsof-45872f  ; Windows XP ; 5.1        ; i686           ;
; Fitter                  ; microsof-45872f  ; Windows XP ; 5.1        ; i686           ;
; Assembler               ; microsof-45872f  ; Windows XP ; 5.1        ; i686           ;
; Classic Timing Analyzer ; microsof-45872f  ; Windows XP ; 5.1        ; i686           ;
+-------------------------+------------------+------------+------------+----------------+


------------
; Flow Log ;
------------
quartus_map --read_settings_files=on --write_settings_files=off pci_com_lpt_usb_eth -c pci_com_lpt_usb_eth
quartus_fit --read_settings_files=off --write_settings_files=off pci_com_lpt_usb_eth -c pci_com_lpt_usb_eth
quartus_asm --read_settings_files=off --write_settings_files=off pci_com_lpt_usb_eth -c pci_com_lpt_usb_eth
quartus_tan --read_settings_files=off --write_settings_files=off pci_com_lpt_usb_eth -c pci_com_lpt_usb_eth



