Flow report for pci_com_lpt_usb_eth
Fri Feb 18 00:06:57 2022
Quartus II Version 9.0 Build 235 06/17/2009 Service Pack 2 SJ Web Edition


---------------------
; Table of Contents ;
---------------------
  1. Legal Notice
  2. Flow Summary
  3. Flow Settings
  4. Flow Non-Default Global Settings
  5. Flow Elapsed Time
  6. Flow OS Summary
  7. Flow Log



----------------
; Legal Notice ;
----------------
Copyright (C) 1991-2009 Altera Corporation
Your use of Altera Corporation's design tools, logic functions 
and other software and tools, and its AMPP partner logic 
functions, and any output files from any of the foregoing 
(including device programming or simulation files), and any 
associated documentation or information are expressly subject 
to the terms and conditions of the Altera Program License 
Subscription Agreement, Altera MegaCore Function License 
Agreement, or other applicable license agreement, including, 
without limitation, that your use is for the sole purpose of 
programming logic devices manufactured by Altera and sold by 
Altera or its authorized distributors.  Please refer to the 
applicable agreement for further details.



+------------------------------------------------------------------------+
; Flow Summary                                                           ;
+-------------------------+----------------------------------------------+
; Flow Status             ; Successful - Fri Feb 18 00:06:57 2022        ;
; Quartus II Version      ; 9.0 Build 235 06/17/2009 SP 2 SJ Web Edition ;
; Revision Name           ; pci_com_lpt_usb_eth                          ;
; Top-level Entity Name   ; pci_com_lpt_usb_eth                          ;
; Family                  ; FLEX10KE                                     ;
; Device                  ; EPF10K200SRC240-3                            ;
; Timing Models           ; Final                                        ;
; Met timing requirements ; Yes                                          ;
; Total logic elements    ; 1,168 / 9,984 ( 12 % )                       ;
; Total pins              ; 57 / 182 ( 31 % )                            ;
; Total memory bits       ; 128 / 98,304 ( < 1 % )                       ;
; Total PLLs              ; 0                                            ;
+-------------------------+----------------------------------------------+


+-----------------------------------------+
; Flow Settings                           ;
+-------------------+---------------------+
; Option            ; Setting             ;
+-------------------+---------------------+
; Start date & time ; 02/18/2022 00:06:34 ;
; Main task         ; Compilation         ;
; Revision Name     ; pci_com_lpt_usb_eth ;
+-------------------+---------------------+


+--------------------------------------------------------------------------------------------------------------------+
; Flow Non-Default Global Settings                                                                                   ;
+------------------------------------+--------------------------------+---------------+-------------+----------------+
; Assignment Name                    ; Value                          ; Default Value ; Entity Name ; Section Id     ;
+------------------------------------+--------------------------------+---------------+-------------+----------------+
; AUTO_GLOBAL_CLOCK                  ; Off                            ; On            ; --          ; --             ;
; AUTO_GLOBAL_OE                     ; Off                            ; On            ; --          ; --             ;
; AUTO_GLOBAL_REGISTER_CONTROLS      ; Off                            ; On            ; --          ; --             ;
; AUTO_PACKED_REGISTERS              ; Normal                         ; Off           ; --          ; --             ;
; COMPILER_SIGNATURE_ID              ; 88914526888563.164513199419300 ; --            ; --          ; --             ;
; ECO_OPTIMIZE_TIMING                ; On                             ; Off           ; --          ; --             ;
; FITTER_EFFORT                      ; Standard Fit                   ; Auto Fit      ; --          ; --             ;
; NUMBER_OF_PATHS_TO_REPORT          ; 2000                           ; 200           ; --          ; --             ;
; OPTIMIZE_HOLD_TIMING               ; Off                            ; --            ; --          ; --             ;
; ROUTER_TIMING_OPTIMIZATION_LEVEL   ; MAXIMUM                        ; Normal        ; --          ; --             ;
; USE_GENERATED_PHYSICAL_CONSTRAINTS ; Off                            ; --            ; --          ; eda_blast_fpga ;
+------------------------------------+--------------------------------+---------------+-------------+----------------+


+-----------------------------------------------------------------------------------------------------------------------------+
; Flow Elapsed Time                                                                                                           ;
+-------------------------+--------------+-------------------------+---------------------+------------------------------------+
; Module Name             ; Elapsed Time ; Average Processors Used ; Peak Virtual Memory ; Total CPU Time (on all processors) ;
+-------------------------+--------------+-------------------------+---------------------+------------------------------------+
; Analysis & Synthesis    ; 00:00:06     ; 1.0                     ; 229 MB              ; 00:00:05                           ;
; Fitter                  ; 00:00:11     ; 1.0                     ; 260 MB              ; 00:00:10                           ;
; Assembler               ; 00:00:01     ; 1.0                     ; 237 MB              ; 00:00:01                           ;
; Classic Timing Analyzer ; 00:00:01     ; 1.0                     ; 201 MB              ; 00:00:01                           ;
; Total                   ; 00:00:19     ; --                      ; --                  ; 00:00:17                           ;
+-------------------------+--------------+-------------------------+---------------------+------------------------------------+


+------------------------------------------------------------------------------------------+
; Flow OS Summary                                                                          ;
+-------------------------+------------------+---------------+------------+----------------+
; Module Name             ; Machine Hostname ; OS Name       ; OS Version ; Processor type ;
+-------------------------+------------------+---------------+------------+----------------+
; Analysis & Synthesis    ; DESKTOP-CT45NH5  ; Windows Vista ; 6.2        ; x86_64         ;
; Fitter                  ; DESKTOP-CT45NH5  ; Windows Vista ; 6.2        ; x86_64         ;
; Assembler               ; DESKTOP-CT45NH5  ; Windows Vista ; 6.2        ; x86_64         ;
; Classic Timing Analyzer ; DESKTOP-CT45NH5  ; Windows Vista ; 6.2        ; x86_64         ;
+-------------------------+------------------+---------------+------------+----------------+


------------
; Flow Log ;
------------
quartus_map --read_settings_files=on --write_settings_files=off pci_com_lpt_usb_eth -c pci_com_lpt_usb_eth
quartus_fit --read_settings_files=off --write_settings_files=off pci_com_lpt_usb_eth -c pci_com_lpt_usb_eth
quartus_asm --read_settings_files=off --write_settings_files=off pci_com_lpt_usb_eth -c pci_com_lpt_usb_eth
quartus_tan --read_settings_files=off --write_settings_files=off pci_com_lpt_usb_eth -c pci_com_lpt_usb_eth



